


ARM Macro Assembler    Page 1 


    1 00000000         ;/*!
    2 00000000         ;    \file  startup_gd32f450.s
    3 00000000         ;    \brief start up file
    4 00000000         ;*/
    5 00000000         
    6 00000000         ;/*
    7 00000000         ;    Copyright (C) 2016 GigaDevice
    8 00000000         
    9 00000000         ;    2016-08-15, V1.0.1, firmware for GD32F4xx
   10 00000000         ;*/
   11 00000000         
   12 00000000         ; <h> Stack Configuration
   13 00000000         ;   <o> Stack Size (in Bytes) <0x0-0xFFFFFFFF:8>
   14 00000000         ; </h>
   15 00000000         
   16 00000000 00000400 
                       Stack_Size
                               EQU              0x00000400
   17 00000000         
   18 00000000                 AREA             STACK, NOINIT, READWRITE, ALIGN
=3
   19 00000000         Stack_Mem
                               SPACE            Stack_Size
   20 00000400         __initial_sp
   21 00000400         
   22 00000400         
   23 00000400         ; <h> Heap Configuration
   24 00000400         ;   <o>  Heap Size (in Bytes) <0x0-0xFFFFFFFF:8>
   25 00000400         ; </h>
   26 00000400         
   27 00000400 00000400 
                       Heap_Size
                               EQU              0x00000400
   28 00000400         
   29 00000400                 AREA             HEAP, NOINIT, READWRITE, ALIGN=
3
   30 00000000         __heap_base
   31 00000000         Heap_Mem
                               SPACE            Heap_Size
   32 00000400         __heap_limit
   33 00000400         
   34 00000400                 PRESERVE8
   35 00000400                 THUMB
   36 00000400         
   37 00000400         ;               /* reset Vector Mapped to at Address 0 *
                       /
   38 00000400                 AREA             RESET, DATA, READONLY
   39 00000000                 EXPORT           __Vectors
   40 00000000                 EXPORT           __Vectors_End
   41 00000000                 EXPORT           __Vectors_Size
   42 00000000         
   43 00000000 00000000 
                       __Vectors
                               DCD              __initial_sp ; Top of Stack
   44 00000004 00000000        DCD              Reset_Handler ; Reset Handler
   45 00000008 00000000        DCD              NMI_Handler ; NMI Handler
   46 0000000C 00000000        DCD              HardFault_Handler ; Hard Fault 
                                                            Handler
   47 00000010 00000000        DCD              MemManage_Handler 



ARM Macro Assembler    Page 2 


                                                            ; MPU Fault Handler
                                                            
   48 00000014 00000000        DCD              BusFault_Handler 
                                                            ; Bus Fault Handler
                                                            
   49 00000018 00000000        DCD              UsageFault_Handler ; Usage Faul
                                                            t Handler
   50 0000001C 00000000        DCD              0           ; Reserved
   51 00000020 00000000        DCD              0           ; Reserved
   52 00000024 00000000        DCD              0           ; Reserved
   53 00000028 00000000        DCD              0           ; Reserved
   54 0000002C 00000000        DCD              SVC_Handler ; SVCall Handler
   55 00000030 00000000        DCD              DebugMon_Handler ; Debug Monito
                                                            r Handler
   56 00000034 00000000        DCD              0           ; Reserved
   57 00000038 00000000        DCD              PendSV_Handler ; PendSV Handler
                                                            
   58 0000003C 00000000        DCD              SysTick_Handler 
                                                            ; SysTick Handler
   59 00000040         
   60 00000040         ;               /* external interrupts handler */
   61 00000040 00000000        DCD              WWDGT_IRQHandler ; 16:Window Wa
                                                            tchdog Timer
   62 00000044 00000000        DCD              LVD_IRQHandler ; 17:LVD through
                                                             EXTI Line detect
   63 00000048 00000000        DCD              TAMPER_STAMP_IRQHandler ; 18:Ta
                                                            mper and TimeStamp 
                                                            through EXTI Line d
                                                            etect
   64 0000004C 00000000        DCD              RTC_WKUP_IRQHandler ; 19:RTC Wa
                                                            keup through EXTI L
                                                            ine
   65 00000050 00000000        DCD              FMC_IRQHandler ; 20:FMC
   66 00000054 00000000        DCD              RCU_CTC_IRQHandler 
                                                            ; 21:RCU and CTC
   67 00000058 00000000        DCD              EXTI0_IRQHandler 
                                                            ; 22:EXTI Line 0
   68 0000005C 00000000        DCD              EXTI1_IRQHandler 
                                                            ; 23:EXTI Line 1
   69 00000060 00000000        DCD              EXTI2_IRQHandler 
                                                            ; 24:EXTI Line 2
   70 00000064 00000000        DCD              EXTI3_IRQHandler 
                                                            ; 25:EXTI Line 3
   71 00000068 00000000        DCD              EXTI4_IRQHandler 
                                                            ; 26:EXTI Line 4
   72 0000006C 00000000        DCD              DMA0_Channel0_IRQHandler 
                                                            ; 27:DMA0 Channel0
   73 00000070 00000000        DCD              DMA0_Channel1_IRQHandler 
                                                            ; 28:DMA0 Channel1
   74 00000074 00000000        DCD              DMA0_Channel2_IRQHandler 
                                                            ; 29:DMA0 Channel2
   75 00000078 00000000        DCD              DMA0_Channel3_IRQHandler 
                                                            ; 30:DMA0 Channel3
   76 0000007C 00000000        DCD              DMA0_Channel4_IRQHandler 
                                                            ; 31:DMA0 Channel4
   77 00000080 00000000        DCD              DMA0_Channel5_IRQHandler 
                                                            ; 32:DMA0 Channel5
   78 00000084 00000000        DCD              DMA0_Channel6_IRQHandler 
                                                            ; 33:DMA0 Channel6



ARM Macro Assembler    Page 3 


   79 00000088 00000000        DCD              ADC_IRQHandler ; 34:ADC
   80 0000008C 00000000        DCD              CAN0_TX_IRQHandler ; 35:CAN0 TX
                                                            
   81 00000090 00000000        DCD              CAN0_RX0_IRQHandler 
                                                            ; 36:CAN0 RX0
   82 00000094 00000000        DCD              CAN0_RX1_IRQHandler 
                                                            ; 37:CAN0 RX1
   83 00000098 00000000        DCD              CAN0_EWMC_IRQHandler 
                                                            ; 38:CAN0 EWMC
   84 0000009C 00000000        DCD              EXTI5_9_IRQHandler 
                                                            ; 39:EXTI5 to EXTI9
                                                            
   85 000000A0 00000000        DCD              TIMER0_BRK_TIMER8_IRQHandler ; 
                                                            40:TIMER0 Break and
                                                             TIMER8
   86 000000A4 00000000        DCD              TIMER0_UP_TIMER9_IRQHandler ; 4
                                                            1:TIMER0 Update and
                                                             TIMER9
   87 000000A8 00000000        DCD              TIMER0_TRG_CMT_TIMER10_IRQHandl
er 
                                                            ; 42:TIMER0 Trigger
                                                             and Commutation an
                                                            d TIMER10
   88 000000AC 00000000        DCD              TIMER0_CC_IRQHandler ; 43:TIMER
                                                            0 Capture Compare
   89 000000B0 00000000        DCD              TIMER1_IRQHandler ; 44:TIMER1
   90 000000B4 00000000        DCD              TIMER2_IRQHandler ; 45:TIMER2
   91 000000B8 00000000        DCD              TIMER3_IRQHandler ; 46:TIMER3
   92 000000BC 00000000        DCD              I2C0_EV_IRQHandler 
                                                            ; 47:I2C0 Event
   93 000000C0 00000000        DCD              I2C0_ER_IRQHandler 
                                                            ; 48:I2C0 Error
   94 000000C4 00000000        DCD              I2C1_EV_IRQHandler 
                                                            ; 49:I2C1 Event
   95 000000C8 00000000        DCD              I2C1_ER_IRQHandler 
                                                            ; 50:I2C1 Error
   96 000000CC 00000000        DCD              SPI0_IRQHandler ; 51:SPI0
   97 000000D0 00000000        DCD              SPI1_IRQHandler ; 52:SPI1
   98 000000D4 00000000        DCD              USART0_IRQHandler ; 53:USART0
   99 000000D8 00000000        DCD              USART1_IRQHandler ; 54:USART1
  100 000000DC 00000000        DCD              USART2_IRQHandler ; 55:USART2
  101 000000E0 00000000        DCD              EXTI10_15_IRQHandler ; 56:EXTI1
                                                            0 to EXTI15
  102 000000E4 00000000        DCD              RTC_Alarm_IRQHandler 
                                                            ; 57:RTC Alarm
  103 000000E8 00000000        DCD              USBFS_WKUP_IRQHandler 
                                                            ; 58:USBFS Wakeup
  104 000000EC 00000000        DCD              TIMER7_BRK_TIMER11_IRQHandler ;
                                                             59:TIMER7 Break an
                                                            d TIMER11
  105 000000F0 00000000        DCD              TIMER7_UP_TIMER12_IRQHandler ; 
                                                            60:TIMER7 Update an
                                                            d TIMER12
  106 000000F4 00000000        DCD              TIMER7_TRG_CMT_TIMER13_IRQHandl
er 
                                                            ; 61:TIMER7 Trigger
                                                             and Commutation an
                                                            d TIMER13
  107 000000F8 00000000        DCD              TIMER7_CC_IRQHandler ; 62:TIMER



ARM Macro Assembler    Page 4 


                                                            7 Capture Compare
  108 000000FC 00000000        DCD              DMA0_Channel7_IRQHandler 
                                                            ; 63:DMA0 Channel7
  109 00000100 00000000        DCD              EXMC_IRQHandler ; 64:EXMC
  110 00000104 00000000        DCD              SDIO_IRQHandler ; 65:SDIO
  111 00000108 00000000        DCD              TIMER4_IRQHandler ; 66:TIMER4
  112 0000010C 00000000        DCD              SPI2_IRQHandler ; 67:SPI2
  113 00000110 00000000        DCD              UART3_IRQHandler ; 68:UART3
  114 00000114 00000000        DCD              UART4_IRQHandler ; 69:UART4
  115 00000118 00000000        DCD              TIMER5_DAC_IRQHandler ; 70:TIME
                                                            R5 and DAC0 DAC1 Un
                                                            derrun error
  116 0000011C 00000000        DCD              TIMER6_IRQHandler ; 71:TIMER6
  117 00000120 00000000        DCD              DMA1_Channel0_IRQHandler 
                                                            ; 72:DMA1 Channel0
  118 00000124 00000000        DCD              DMA1_Channel1_IRQHandler 
                                                            ; 73:DMA1 Channel1
  119 00000128 00000000        DCD              DMA1_Channel2_IRQHandler 
                                                            ; 74:DMA1 Channel2
  120 0000012C 00000000        DCD              DMA1_Channel3_IRQHandler 
                                                            ; 75:DMA1 Channel3
  121 00000130 00000000        DCD              DMA1_Channel4_IRQHandler 
                                                            ; 76:DMA1 Channel4
  122 00000134 00000000        DCD              ENET_IRQHandler ; 77:Ethernet
  123 00000138 00000000        DCD              ENET_WKUP_IRQHandler ; 78:Ether
                                                            net Wakeup through 
                                                            EXTI Line
  124 0000013C 00000000        DCD              CAN1_TX_IRQHandler ; 79:CAN1 TX
                                                            
  125 00000140 00000000        DCD              CAN1_RX0_IRQHandler 
                                                            ; 80:CAN1 RX0
  126 00000144 00000000        DCD              CAN1_RX1_IRQHandler 
                                                            ; 81:CAN1 RX1
  127 00000148 00000000        DCD              CAN1_EWMC_IRQHandler 
                                                            ; 82:CAN1 EWMC
  128 0000014C 00000000        DCD              USBFS_IRQHandler ; 83:USBFS
  129 00000150 00000000        DCD              DMA1_Channel5_IRQHandler 
                                                            ; 84:DMA1 Channel5
  130 00000154 00000000        DCD              DMA1_Channel6_IRQHandler 
                                                            ; 85:DMA1 Channel6
  131 00000158 00000000        DCD              DMA1_Channel7_IRQHandler 
                                                            ; 86:DMA1 Channel7
  132 0000015C 00000000        DCD              USART5_IRQHandler ; 87:USART5
  133 00000160 00000000        DCD              I2C2_EV_IRQHandler 
                                                            ; 88:I2C2 Event
  134 00000164 00000000        DCD              I2C2_ER_IRQHandler 
                                                            ; 89:I2C2 Error
  135 00000168 00000000        DCD              USBHS_EP1_Out_IRQHandler ; 90:U
                                                            SBHS Endpoint 1 Out
                                                             
  136 0000016C 00000000        DCD              USBHS_EP1_In_IRQHandler ; 91:US
                                                            BHS Endpoint 1 in
  137 00000170 00000000        DCD              USBHS_WKUP_IRQHandler ; 92:USBH
                                                            S Wakeup through EX
                                                            TI Line
  138 00000174 00000000        DCD              USBHS_IRQHandler ; 93:USBHS
  139 00000178 00000000        DCD              DCI_IRQHandler ; 94:DCI
  140 0000017C 00000000        DCD              0           ; 95:Reserved
  141 00000180 00000000        DCD              TRNG_IRQHandler ; 96:TRNG



ARM Macro Assembler    Page 5 


  142 00000184 00000000        DCD              FPU_IRQHandler ; 97:FPU
  143 00000188 00000000        DCD              UART6_IRQHandler ; 98:UART6
  144 0000018C 00000000        DCD              UART7_IRQHandler ; 99:UART7
  145 00000190 00000000        DCD              SPI3_IRQHandler ; 100:SPI3
  146 00000194 00000000        DCD              SPI4_IRQHandler ; 101:SPI4
  147 00000198 00000000        DCD              SPI5_IRQHandler ; 102:SPI5
  148 0000019C 00000000        DCD              0           ; 103:Reserved
  149 000001A0 00000000        DCD              TLI_IRQHandler ; 104:TLI
  150 000001A4 00000000        DCD              TLI_ER_IRQHandler 
                                                            ; 105:TLI Error
  151 000001A8 00000000        DCD              IPA_IRQHandler ; 106:IPA
  152 000001AC         
  153 000001AC         __Vectors_End
  154 000001AC         
  155 000001AC 000001AC 
                       __Vectors_Size
                               EQU              __Vectors_End - __Vectors
  156 000001AC         
  157 000001AC                 AREA             test, CODE, READONLY
  158 00000000         
  159 00000000         Reset_Handler
                               PROC
  160 00000000                 EXPORT           Reset_Handler                  
   [WEAK]
  161 00000000                 IMPORT           SystemInit
  162 00000000                 IMPORT           __main
  163 00000000 4801            LDR              R0, =SystemInit
  164 00000002 4780            BLX              R0
  165 00000004 4801            LDR              R0, =__main
  166 00000006 4700            BX               R0
  167 00000008                 ENDP
  168 00000008         
  169 00000008         ;/* dummy Exception Handlers */
  170 00000008 00000000 
              00000000         AREA             |.text|, CODE, READONLY
  171 00000000         
  172 00000000         ;/* reset Handler */
  173 00000000         ;Reset_Handler   PROC
  174 00000000         ;EXPORT  Reset_Handler                     [WEAK]
  175 00000000         ;IMPORT  SystemInit
  176 00000000         ;IMPORT  __main
  177 00000000         ;LDR     R0, =SystemInit
  178 00000000         ;BLX     R0
  179 00000000         ;LDR     R0, =__main
  180 00000000         ;BX      R0
  181 00000000         ;ENDP
  182 00000000         
  183 00000000         ;/* dummy Exception Handlers */
  184 00000000         NMI_Handler
                               PROC
  185 00000000                 EXPORT           NMI_Handler                    
   [WEAK]
  186 00000000 E7FE            B                .
  187 00000002                 ENDP
  189 00000002         HardFault_Handler
                               PROC
  190 00000002                 EXPORT           HardFault_Handler              
   [WEAK]
  191 00000002 E7FE            B                .



ARM Macro Assembler    Page 6 


  192 00000004                 ENDP
  194 00000004         MemManage_Handler
                               PROC
  195 00000004                 EXPORT           MemManage_Handler              
   [WEAK]
  196 00000004 E7FE            B                .
  197 00000006                 ENDP
  199 00000006         BusFault_Handler
                               PROC
  200 00000006                 EXPORT           BusFault_Handler               
   [WEAK]
  201 00000006 E7FE            B                .
  202 00000008                 ENDP
  204 00000008         UsageFault_Handler
                               PROC
  205 00000008                 EXPORT           UsageFault_Handler             
   [WEAK]
  206 00000008 E7FE            B                .
  207 0000000A                 ENDP
  208 0000000A         SVC_Handler
                               PROC
  209 0000000A                 EXPORT           SVC_Handler                    
   [WEAK]
  210 0000000A E7FE            B                .
  211 0000000C                 ENDP
  213 0000000C         DebugMon_Handler
                               PROC
  214 0000000C                 EXPORT           DebugMon_Handler               
   [WEAK]
  215 0000000C E7FE            B                .
  216 0000000E                 ENDP
  218 0000000E         PendSV_Handler
                               PROC
  219 0000000E                 EXPORT           PendSV_Handler                 
   [WEAK]
  220 0000000E E7FE            B                .
  221 00000010                 ENDP
  223 00000010         SysTick_Handler
                               PROC
  224 00000010                 EXPORT           SysTick_Handler                
   [WEAK]
  225 00000010 E7FE            B                .
  226 00000012                 ENDP
  227 00000012         
  228 00000012         Default_Handler
                               PROC
  229 00000012         ;               /* external interrupts handler */
  230 00000012                 EXPORT           WWDGT_IRQHandler               
   [WEAK]
  231 00000012                 EXPORT           LVD_IRQHandler                 
   [WEAK]
  232 00000012                 EXPORT           TAMPER_STAMP_IRQHandler        
   [WEAK]
  233 00000012                 EXPORT           RTC_WKUP_IRQHandler            
   [WEAK]
  234 00000012                 EXPORT           FMC_IRQHandler                 
   [WEAK]
  235 00000012                 EXPORT           RCU_CTC_IRQHandler             
   [WEAK]



ARM Macro Assembler    Page 7 


  236 00000012                 EXPORT           EXTI0_IRQHandler               
   [WEAK]
  237 00000012                 EXPORT           EXTI1_IRQHandler               
   [WEAK]
  238 00000012                 EXPORT           EXTI2_IRQHandler               
   [WEAK]
  239 00000012                 EXPORT           EXTI3_IRQHandler               
   [WEAK]
  240 00000012                 EXPORT           EXTI4_IRQHandler               
   [WEAK]
  241 00000012                 EXPORT           DMA0_Channel0_IRQHandler       
   [WEAK]
  242 00000012                 EXPORT           DMA0_Channel1_IRQHandler       
   [WEAK]
  243 00000012                 EXPORT           DMA0_Channel2_IRQHandler       
   [WEAK]
  244 00000012                 EXPORT           DMA0_Channel3_IRQHandler       
   [WEAK]
  245 00000012                 EXPORT           DMA0_Channel4_IRQHandler       
   [WEAK]
  246 00000012                 EXPORT           DMA0_Channel5_IRQHandler       
   [WEAK]
  247 00000012                 EXPORT           DMA0_Channel6_IRQHandler       
   [WEAK]
  248 00000012                 EXPORT           ADC_IRQHandler                 
   [WEAK]
  249 00000012                 EXPORT           CAN0_TX_IRQHandler             
   [WEAK]
  250 00000012                 EXPORT           CAN0_RX0_IRQHandler            
   [WEAK]
  251 00000012                 EXPORT           CAN0_RX1_IRQHandler            
   [WEAK]
  252 00000012                 EXPORT           CAN0_EWMC_IRQHandler           
   [WEAK]
  253 00000012                 EXPORT           EXTI5_9_IRQHandler             
   [WEAK]
  254 00000012                 EXPORT           TIMER0_BRK_TIMER8_IRQHandler   
   [WEAK]
  255 00000012                 EXPORT           TIMER0_UP_TIMER9_IRQHandler    
   [WEAK]
  256 00000012                 EXPORT           TIMER0_TRG_CMT_TIMER10_IRQHandl
er [WEAK]
  257 00000012                 EXPORT           TIMER0_CC_IRQHandler           
   [WEAK]
  258 00000012                 EXPORT           TIMER1_IRQHandler              
   [WEAK]
  259 00000012                 EXPORT           TIMER2_IRQHandler              
   [WEAK]
  260 00000012                 EXPORT           TIMER3_IRQHandler              
   [WEAK]
  261 00000012                 EXPORT           I2C0_EV_IRQHandler             
   [WEAK]
  262 00000012                 EXPORT           I2C0_ER_IRQHandler             
   [WEAK]
  263 00000012                 EXPORT           I2C1_EV_IRQHandler             
   [WEAK]
  264 00000012                 EXPORT           I2C1_ER_IRQHandler             
   [WEAK]
  265 00000012                 EXPORT           SPI0_IRQHandler                



ARM Macro Assembler    Page 8 


   [WEAK]
  266 00000012                 EXPORT           SPI1_IRQHandler                
   [WEAK]
  267 00000012                 EXPORT           USART0_IRQHandler              
   [WEAK]
  268 00000012                 EXPORT           USART1_IRQHandler              
   [WEAK]
  269 00000012                 EXPORT           USART2_IRQHandler              
   [WEAK]
  270 00000012                 EXPORT           EXTI10_15_IRQHandler           
   [WEAK]
  271 00000012                 EXPORT           RTC_Alarm_IRQHandler           
   [WEAK]
  272 00000012                 EXPORT           USBFS_WKUP_IRQHandler          
   [WEAK]
  273 00000012                 EXPORT           TIMER7_BRK_TIMER11_IRQHandler  
   [WEAK]
  274 00000012                 EXPORT           TIMER7_UP_TIMER12_IRQHandler   
   [WEAK]
  275 00000012                 EXPORT           TIMER7_TRG_CMT_TIMER13_IRQHandl
er [WEAK]
  276 00000012                 EXPORT           TIMER7_CC_IRQHandler           
   [WEAK]
  277 00000012                 EXPORT           DMA0_Channel7_IRQHandler       
   [WEAK]
  278 00000012                 EXPORT           EXMC_IRQHandler                
   [WEAK]
  279 00000012                 EXPORT           SDIO_IRQHandler                
   [WEAK]
  280 00000012                 EXPORT           TIMER4_IRQHandler              
   [WEAK]
  281 00000012                 EXPORT           SPI2_IRQHandler                
   [WEAK]
  282 00000012                 EXPORT           UART3_IRQHandler               
   [WEAK]
  283 00000012                 EXPORT           UART4_IRQHandler               
   [WEAK]
  284 00000012                 EXPORT           TIMER5_DAC_IRQHandler          
   [WEAK]
  285 00000012                 EXPORT           TIMER6_IRQHandler              
   [WEAK]
  286 00000012                 EXPORT           DMA1_Channel0_IRQHandler       
   [WEAK]
  287 00000012                 EXPORT           DMA1_Channel1_IRQHandler       
   [WEAK]
  288 00000012                 EXPORT           DMA1_Channel2_IRQHandler       
   [WEAK]
  289 00000012                 EXPORT           DMA1_Channel3_IRQHandler       
   [WEAK]
  290 00000012                 EXPORT           DMA1_Channel4_IRQHandler       
   [WEAK]
  291 00000012                 EXPORT           ENET_IRQHandler                
   [WEAK]
  292 00000012                 EXPORT           ENET_WKUP_IRQHandler           
   [WEAK]
  293 00000012                 EXPORT           CAN1_TX_IRQHandler             
   [WEAK]
  294 00000012                 EXPORT           CAN1_RX0_IRQHandler            
   [WEAK]



ARM Macro Assembler    Page 9 


  295 00000012                 EXPORT           CAN1_RX1_IRQHandler            
   [WEAK]
  296 00000012                 EXPORT           CAN1_EWMC_IRQHandler           
   [WEAK]
  297 00000012                 EXPORT           USBFS_IRQHandler               
   [WEAK]
  298 00000012                 EXPORT           DMA1_Channel5_IRQHandler       
   [WEAK]
  299 00000012                 EXPORT           DMA1_Channel6_IRQHandler       
   [WEAK]
  300 00000012                 EXPORT           DMA1_Channel7_IRQHandler       
   [WEAK]
  301 00000012                 EXPORT           USART5_IRQHandler              
   [WEAK]
  302 00000012                 EXPORT           I2C2_EV_IRQHandler             
   [WEAK]
  303 00000012                 EXPORT           I2C2_ER_IRQHandler             
   [WEAK]
  304 00000012                 EXPORT           USBHS_EP1_Out_IRQHandler       
   [WEAK]
  305 00000012                 EXPORT           USBHS_EP1_In_IRQHandler        
   [WEAK]
  306 00000012                 EXPORT           USBHS_WKUP_IRQHandler          
   [WEAK]
  307 00000012                 EXPORT           USBHS_IRQHandler               
   [WEAK]
  308 00000012                 EXPORT           DCI_IRQHandler                 
   [WEAK]
  309 00000012                 EXPORT           TRNG_IRQHandler                
   [WEAK]
  310 00000012                 EXPORT           FPU_IRQHandler                 
   [WEAK]
  311 00000012                 EXPORT           UART6_IRQHandler               
   [WEAK]
  312 00000012                 EXPORT           UART7_IRQHandler               
   [WEAK]
  313 00000012                 EXPORT           SPI3_IRQHandler                
   [WEAK]
  314 00000012                 EXPORT           SPI4_IRQHandler                
   [WEAK]
  315 00000012                 EXPORT           SPI5_IRQHandler                
   [WEAK]
  316 00000012                 EXPORT           TLI_IRQHandler                 
   [WEAK]
  317 00000012                 EXPORT           TLI_ER_IRQHandler              
   [WEAK]
  318 00000012                 EXPORT           IPA_IRQHandler                 
   [WEAK]
  319 00000012         
  320 00000012         ;/* external interrupts handler */
  321 00000012         WWDGT_IRQHandler
  322 00000012         LVD_IRQHandler
  323 00000012         TAMPER_STAMP_IRQHandler
  324 00000012         RTC_WKUP_IRQHandler
  325 00000012         FMC_IRQHandler
  326 00000012         RCU_CTC_IRQHandler
  327 00000012         EXTI0_IRQHandler
  328 00000012         EXTI1_IRQHandler
  329 00000012         EXTI2_IRQHandler



ARM Macro Assembler    Page 10 


  330 00000012         EXTI3_IRQHandler
  331 00000012         EXTI4_IRQHandler
  332 00000012         DMA0_Channel0_IRQHandler
  333 00000012         DMA0_Channel1_IRQHandler
  334 00000012         DMA0_Channel2_IRQHandler
  335 00000012         DMA0_Channel3_IRQHandler
  336 00000012         DMA0_Channel4_IRQHandler
  337 00000012         DMA0_Channel5_IRQHandler
  338 00000012         DMA0_Channel6_IRQHandler
  339 00000012         ADC_IRQHandler
  340 00000012         CAN0_TX_IRQHandler
  341 00000012         CAN0_RX0_IRQHandler
  342 00000012         CAN0_RX1_IRQHandler
  343 00000012         CAN0_EWMC_IRQHandler
  344 00000012         EXTI5_9_IRQHandler
  345 00000012         TIMER0_BRK_TIMER8_IRQHandler
  346 00000012         TIMER0_UP_TIMER9_IRQHandler
  347 00000012         TIMER0_TRG_CMT_TIMER10_IRQHandler
  348 00000012         TIMER0_CC_IRQHandler
  349 00000012         TIMER1_IRQHandler
  350 00000012         TIMER2_IRQHandler
  351 00000012         TIMER3_IRQHandler
  352 00000012         I2C0_EV_IRQHandler
  353 00000012         I2C0_ER_IRQHandler
  354 00000012         I2C1_EV_IRQHandler
  355 00000012         I2C1_ER_IRQHandler
  356 00000012         SPI0_IRQHandler
  357 00000012         SPI1_IRQHandler
  358 00000012         USART0_IRQHandler
  359 00000012         USART1_IRQHandler
  360 00000012         USART2_IRQHandler
  361 00000012         EXTI10_15_IRQHandler
  362 00000012         RTC_Alarm_IRQHandler
  363 00000012         USBFS_WKUP_IRQHandler
  364 00000012         TIMER7_BRK_TIMER11_IRQHandler
  365 00000012         TIMER7_UP_TIMER12_IRQHandler
  366 00000012         TIMER7_TRG_CMT_TIMER13_IRQHandler
  367 00000012         TIMER7_CC_IRQHandler
  368 00000012         DMA0_Channel7_IRQHandler
  369 00000012         EXMC_IRQHandler
  370 00000012         SDIO_IRQHandler
  371 00000012         TIMER4_IRQHandler
  372 00000012         SPI2_IRQHandler
  373 00000012         UART3_IRQHandler
  374 00000012         UART4_IRQHandler
  375 00000012         TIMER5_DAC_IRQHandler
  376 00000012         TIMER6_IRQHandler
  377 00000012         DMA1_Channel0_IRQHandler
  378 00000012         DMA1_Channel1_IRQHandler
  379 00000012         DMA1_Channel2_IRQHandler
  380 00000012         DMA1_Channel3_IRQHandler
  381 00000012         DMA1_Channel4_IRQHandler
  382 00000012         ENET_IRQHandler
  383 00000012         ENET_WKUP_IRQHandler
  384 00000012         CAN1_TX_IRQHandler
  385 00000012         CAN1_RX0_IRQHandler
  386 00000012         CAN1_RX1_IRQHandler
  387 00000012         CAN1_EWMC_IRQHandler
  388 00000012         USBFS_IRQHandler



ARM Macro Assembler    Page 11 


  389 00000012         DMA1_Channel5_IRQHandler
  390 00000012         DMA1_Channel6_IRQHandler
  391 00000012         DMA1_Channel7_IRQHandler
  392 00000012         USART5_IRQHandler
  393 00000012         I2C2_EV_IRQHandler
  394 00000012         I2C2_ER_IRQHandler
  395 00000012         USBHS_EP1_Out_IRQHandler
  396 00000012         USBHS_EP1_In_IRQHandler
  397 00000012         USBHS_WKUP_IRQHandler
  398 00000012         USBHS_IRQHandler
  399 00000012         DCI_IRQHandler
  400 00000012         TRNG_IRQHandler
  401 00000012         FPU_IRQHandler
  402 00000012         UART6_IRQHandler
  403 00000012         UART7_IRQHandler
  404 00000012         SPI3_IRQHandler
  405 00000012         SPI4_IRQHandler
  406 00000012         SPI5_IRQHandler
  407 00000012         TLI_IRQHandler
  408 00000012         TLI_ER_IRQHandler
  409 00000012         IPA_IRQHandler
  410 00000012         
  411 00000012 E7FE            B                .
  412 00000014                 ENDP
  413 00000014         
  414 00000014                 ALIGN
  415 00000014         
  416 00000014         ; user Initial Stack & Heap
  417 00000014         
  418 00000014                 IF               :DEF:__MICROLIB
  419 00000014         
  420 00000014                 EXPORT           __initial_sp
  421 00000014                 EXPORT           __heap_base
  422 00000014                 EXPORT           __heap_limit
  423 00000014         
  424 00000014                 ELSE
  439                          ENDIF
  440 00000014         
  441 00000014                 END
Command Line: --debug --xref --diag_suppress=9931 --cpu=Cortex-M4.fp --apcs=int
erwork --depend=..\outing\startup_gd32f450.d -o..\outing\startup_gd32f450.o -I.
\RTE\_GD32F4XX -ID:\Keil_v5\ARM\PACK\GigaDevice\GD32F4xx_DFP\1.0.4\Device\F4XX\
Include -ID:\Keil_v5\ARM\CMSIS\Include --predefine="__MICROLIB SETA 1" --predef
ine="__UVISION_VERSION SETA 525" --predefine="GD32F450 SETA 1" --list=..\listin
g\startup_gd32f450.lst ..\CMSIS\GD\GD32F4xx\Source\ARM\startup_gd32f450.s



ARM Macro Assembler    Page 1 Alphabetic symbol ordering
Relocatable symbols

STACK 00000000

Symbol: STACK
   Definitions
      At line 18 in file ..\CMSIS\GD\GD32F4xx\Source\ARM\startup_gd32f450.s
   Uses
      None
Comment: STACK unused
Stack_Mem 00000000

Symbol: Stack_Mem
   Definitions
      At line 19 in file ..\CMSIS\GD\GD32F4xx\Source\ARM\startup_gd32f450.s
   Uses
      None
Comment: Stack_Mem unused
__initial_sp 00000400

Symbol: __initial_sp
   Definitions
      At line 20 in file ..\CMSIS\GD\GD32F4xx\Source\ARM\startup_gd32f450.s
   Uses
      At line 43 in file ..\CMSIS\GD\GD32F4xx\Source\ARM\startup_gd32f450.s
      At line 420 in file ..\CMSIS\GD\GD32F4xx\Source\ARM\startup_gd32f450.s

3 symbols



ARM Macro Assembler    Page 1 Alphabetic symbol ordering
Relocatable symbols

HEAP 00000000

Symbol: HEAP
   Definitions
      At line 29 in file ..\CMSIS\GD\GD32F4xx\Source\ARM\startup_gd32f450.s
   Uses
      None
Comment: HEAP unused
Heap_Mem 00000000

Symbol: Heap_Mem
   Definitions
      At line 31 in file ..\CMSIS\GD\GD32F4xx\Source\ARM\startup_gd32f450.s
   Uses
      None
Comment: Heap_Mem unused
__heap_base 00000000

Symbol: __heap_base
   Definitions
      At line 30 in file ..\CMSIS\GD\GD32F4xx\Source\ARM\startup_gd32f450.s
   Uses
      At line 421 in file ..\CMSIS\GD\GD32F4xx\Source\ARM\startup_gd32f450.s
Comment: __heap_base used once
__heap_limit 00000400

Symbol: __heap_limit
   Definitions
      At line 32 in file ..\CMSIS\GD\GD32F4xx\Source\ARM\startup_gd32f450.s
   Uses
      At line 422 in file ..\CMSIS\GD\GD32F4xx\Source\ARM\startup_gd32f450.s
Comment: __heap_limit used once
4 symbols



ARM Macro Assembler    Page 1 Alphabetic symbol ordering
Relocatable symbols

RESET 00000000

Symbol: RESET
   Definitions
      At line 38 in file ..\CMSIS\GD\GD32F4xx\Source\ARM\startup_gd32f450.s
   Uses
      None
Comment: RESET unused
__Vectors 00000000

Symbol: __Vectors
   Definitions
      At line 43 in file ..\CMSIS\GD\GD32F4xx\Source\ARM\startup_gd32f450.s
   Uses
      At line 39 in file ..\CMSIS\GD\GD32F4xx\Source\ARM\startup_gd32f450.s
      At line 155 in file ..\CMSIS\GD\GD32F4xx\Source\ARM\startup_gd32f450.s

__Vectors_End 000001AC

Symbol: __Vectors_End
   Definitions
      At line 153 in file ..\CMSIS\GD\GD32F4xx\Source\ARM\startup_gd32f450.s
   Uses
      At line 40 in file ..\CMSIS\GD\GD32F4xx\Source\ARM\startup_gd32f450.s
      At line 155 in file ..\CMSIS\GD\GD32F4xx\Source\ARM\startup_gd32f450.s

3 symbols



ARM Macro Assembler    Page 1 Alphabetic symbol ordering
Relocatable symbols

Reset_Handler 00000000

Symbol: Reset_Handler
   Definitions
      At line 159 in file ..\CMSIS\GD\GD32F4xx\Source\ARM\startup_gd32f450.s
   Uses
      At line 44 in file ..\CMSIS\GD\GD32F4xx\Source\ARM\startup_gd32f450.s
      At line 160 in file ..\CMSIS\GD\GD32F4xx\Source\ARM\startup_gd32f450.s

test 00000000

Symbol: test
   Definitions
      At line 157 in file ..\CMSIS\GD\GD32F4xx\Source\ARM\startup_gd32f450.s
   Uses
      None
Comment: test unused
2 symbols



ARM Macro Assembler    Page 1 Alphabetic symbol ordering
Relocatable symbols

.text 00000000

Symbol: .text
   Definitions
      At line 170 in file ..\CMSIS\GD\GD32F4xx\Source\ARM\startup_gd32f450.s
   Uses
      None
Comment: .text unused
ADC_IRQHandler 00000012

Symbol: ADC_IRQHandler
   Definitions
      At line 339 in file ..\CMSIS\GD\GD32F4xx\Source\ARM\startup_gd32f450.s
   Uses
      At line 79 in file ..\CMSIS\GD\GD32F4xx\Source\ARM\startup_gd32f450.s
      At line 248 in file ..\CMSIS\GD\GD32F4xx\Source\ARM\startup_gd32f450.s

BusFault_Handler 00000006

Symbol: BusFault_Handler
   Definitions
      At line 199 in file ..\CMSIS\GD\GD32F4xx\Source\ARM\startup_gd32f450.s
   Uses
      At line 48 in file ..\CMSIS\GD\GD32F4xx\Source\ARM\startup_gd32f450.s
      At line 200 in file ..\CMSIS\GD\GD32F4xx\Source\ARM\startup_gd32f450.s

CAN0_EWMC_IRQHandler 00000012

Symbol: CAN0_EWMC_IRQHandler
   Definitions
      At line 343 in file ..\CMSIS\GD\GD32F4xx\Source\ARM\startup_gd32f450.s
   Uses
      At line 83 in file ..\CMSIS\GD\GD32F4xx\Source\ARM\startup_gd32f450.s
      At line 252 in file ..\CMSIS\GD\GD32F4xx\Source\ARM\startup_gd32f450.s

CAN0_RX0_IRQHandler 00000012

Symbol: CAN0_RX0_IRQHandler
   Definitions
      At line 341 in file ..\CMSIS\GD\GD32F4xx\Source\ARM\startup_gd32f450.s
   Uses
      At line 81 in file ..\CMSIS\GD\GD32F4xx\Source\ARM\startup_gd32f450.s
      At line 250 in file ..\CMSIS\GD\GD32F4xx\Source\ARM\startup_gd32f450.s

CAN0_RX1_IRQHandler 00000012

Symbol: CAN0_RX1_IRQHandler
   Definitions
      At line 342 in file ..\CMSIS\GD\GD32F4xx\Source\ARM\startup_gd32f450.s
   Uses
      At line 82 in file ..\CMSIS\GD\GD32F4xx\Source\ARM\startup_gd32f450.s
      At line 251 in file ..\CMSIS\GD\GD32F4xx\Source\ARM\startup_gd32f450.s

CAN0_TX_IRQHandler 00000012

Symbol: CAN0_TX_IRQHandler
   Definitions
      At line 340 in file ..\CMSIS\GD\GD32F4xx\Source\ARM\startup_gd32f450.s
   Uses



ARM Macro Assembler    Page 2 Alphabetic symbol ordering
Relocatable symbols

      At line 80 in file ..\CMSIS\GD\GD32F4xx\Source\ARM\startup_gd32f450.s
      At line 249 in file ..\CMSIS\GD\GD32F4xx\Source\ARM\startup_gd32f450.s

CAN1_EWMC_IRQHandler 00000012

Symbol: CAN1_EWMC_IRQHandler
   Definitions
      At line 387 in file ..\CMSIS\GD\GD32F4xx\Source\ARM\startup_gd32f450.s
   Uses
      At line 127 in file ..\CMSIS\GD\GD32F4xx\Source\ARM\startup_gd32f450.s
      At line 296 in file ..\CMSIS\GD\GD32F4xx\Source\ARM\startup_gd32f450.s

CAN1_RX0_IRQHandler 00000012

Symbol: CAN1_RX0_IRQHandler
   Definitions
      At line 385 in file ..\CMSIS\GD\GD32F4xx\Source\ARM\startup_gd32f450.s
   Uses
      At line 125 in file ..\CMSIS\GD\GD32F4xx\Source\ARM\startup_gd32f450.s
      At line 294 in file ..\CMSIS\GD\GD32F4xx\Source\ARM\startup_gd32f450.s

CAN1_RX1_IRQHandler 00000012

Symbol: CAN1_RX1_IRQHandler
   Definitions
      At line 386 in file ..\CMSIS\GD\GD32F4xx\Source\ARM\startup_gd32f450.s
   Uses
      At line 126 in file ..\CMSIS\GD\GD32F4xx\Source\ARM\startup_gd32f450.s
      At line 295 in file ..\CMSIS\GD\GD32F4xx\Source\ARM\startup_gd32f450.s

CAN1_TX_IRQHandler 00000012

Symbol: CAN1_TX_IRQHandler
   Definitions
      At line 384 in file ..\CMSIS\GD\GD32F4xx\Source\ARM\startup_gd32f450.s
   Uses
      At line 124 in file ..\CMSIS\GD\GD32F4xx\Source\ARM\startup_gd32f450.s
      At line 293 in file ..\CMSIS\GD\GD32F4xx\Source\ARM\startup_gd32f450.s

DCI_IRQHandler 00000012

Symbol: DCI_IRQHandler
   Definitions
      At line 399 in file ..\CMSIS\GD\GD32F4xx\Source\ARM\startup_gd32f450.s
   Uses
      At line 139 in file ..\CMSIS\GD\GD32F4xx\Source\ARM\startup_gd32f450.s
      At line 308 in file ..\CMSIS\GD\GD32F4xx\Source\ARM\startup_gd32f450.s

DMA0_Channel0_IRQHandler 00000012

Symbol: DMA0_Channel0_IRQHandler
   Definitions
      At line 332 in file ..\CMSIS\GD\GD32F4xx\Source\ARM\startup_gd32f450.s
   Uses
      At line 72 in file ..\CMSIS\GD\GD32F4xx\Source\ARM\startup_gd32f450.s
      At line 241 in file ..\CMSIS\GD\GD32F4xx\Source\ARM\startup_gd32f450.s

DMA0_Channel1_IRQHandler 00000012




ARM Macro Assembler    Page 3 Alphabetic symbol ordering
Relocatable symbols

Symbol: DMA0_Channel1_IRQHandler
   Definitions
      At line 333 in file ..\CMSIS\GD\GD32F4xx\Source\ARM\startup_gd32f450.s
   Uses
      At line 73 in file ..\CMSIS\GD\GD32F4xx\Source\ARM\startup_gd32f450.s
      At line 242 in file ..\CMSIS\GD\GD32F4xx\Source\ARM\startup_gd32f450.s

DMA0_Channel2_IRQHandler 00000012

Symbol: DMA0_Channel2_IRQHandler
   Definitions
      At line 334 in file ..\CMSIS\GD\GD32F4xx\Source\ARM\startup_gd32f450.s
   Uses
      At line 74 in file ..\CMSIS\GD\GD32F4xx\Source\ARM\startup_gd32f450.s
      At line 243 in file ..\CMSIS\GD\GD32F4xx\Source\ARM\startup_gd32f450.s

DMA0_Channel3_IRQHandler 00000012

Symbol: DMA0_Channel3_IRQHandler
   Definitions
      At line 335 in file ..\CMSIS\GD\GD32F4xx\Source\ARM\startup_gd32f450.s
   Uses
      At line 75 in file ..\CMSIS\GD\GD32F4xx\Source\ARM\startup_gd32f450.s
      At line 244 in file ..\CMSIS\GD\GD32F4xx\Source\ARM\startup_gd32f450.s

DMA0_Channel4_IRQHandler 00000012

Symbol: DMA0_Channel4_IRQHandler
   Definitions
      At line 336 in file ..\CMSIS\GD\GD32F4xx\Source\ARM\startup_gd32f450.s
   Uses
      At line 76 in file ..\CMSIS\GD\GD32F4xx\Source\ARM\startup_gd32f450.s
      At line 245 in file ..\CMSIS\GD\GD32F4xx\Source\ARM\startup_gd32f450.s

DMA0_Channel5_IRQHandler 00000012

Symbol: DMA0_Channel5_IRQHandler
   Definitions
      At line 337 in file ..\CMSIS\GD\GD32F4xx\Source\ARM\startup_gd32f450.s
   Uses
      At line 77 in file ..\CMSIS\GD\GD32F4xx\Source\ARM\startup_gd32f450.s
      At line 246 in file ..\CMSIS\GD\GD32F4xx\Source\ARM\startup_gd32f450.s

DMA0_Channel6_IRQHandler 00000012

Symbol: DMA0_Channel6_IRQHandler
   Definitions
      At line 338 in file ..\CMSIS\GD\GD32F4xx\Source\ARM\startup_gd32f450.s
   Uses
      At line 78 in file ..\CMSIS\GD\GD32F4xx\Source\ARM\startup_gd32f450.s
      At line 247 in file ..\CMSIS\GD\GD32F4xx\Source\ARM\startup_gd32f450.s

DMA0_Channel7_IRQHandler 00000012

Symbol: DMA0_Channel7_IRQHandler
   Definitions
      At line 368 in file ..\CMSIS\GD\GD32F4xx\Source\ARM\startup_gd32f450.s
   Uses
      At line 108 in file ..\CMSIS\GD\GD32F4xx\Source\ARM\startup_gd32f450.s



ARM Macro Assembler    Page 4 Alphabetic symbol ordering
Relocatable symbols

      At line 277 in file ..\CMSIS\GD\GD32F4xx\Source\ARM\startup_gd32f450.s

DMA1_Channel0_IRQHandler 00000012

Symbol: DMA1_Channel0_IRQHandler
   Definitions
      At line 377 in file ..\CMSIS\GD\GD32F4xx\Source\ARM\startup_gd32f450.s
   Uses
      At line 117 in file ..\CMSIS\GD\GD32F4xx\Source\ARM\startup_gd32f450.s
      At line 286 in file ..\CMSIS\GD\GD32F4xx\Source\ARM\startup_gd32f450.s

DMA1_Channel1_IRQHandler 00000012

Symbol: DMA1_Channel1_IRQHandler
   Definitions
      At line 378 in file ..\CMSIS\GD\GD32F4xx\Source\ARM\startup_gd32f450.s
   Uses
      At line 118 in file ..\CMSIS\GD\GD32F4xx\Source\ARM\startup_gd32f450.s
      At line 287 in file ..\CMSIS\GD\GD32F4xx\Source\ARM\startup_gd32f450.s

DMA1_Channel2_IRQHandler 00000012

Symbol: DMA1_Channel2_IRQHandler
   Definitions
      At line 379 in file ..\CMSIS\GD\GD32F4xx\Source\ARM\startup_gd32f450.s
   Uses
      At line 119 in file ..\CMSIS\GD\GD32F4xx\Source\ARM\startup_gd32f450.s
      At line 288 in file ..\CMSIS\GD\GD32F4xx\Source\ARM\startup_gd32f450.s

DMA1_Channel3_IRQHandler 00000012

Symbol: DMA1_Channel3_IRQHandler
   Definitions
      At line 380 in file ..\CMSIS\GD\GD32F4xx\Source\ARM\startup_gd32f450.s
   Uses
      At line 120 in file ..\CMSIS\GD\GD32F4xx\Source\ARM\startup_gd32f450.s
      At line 289 in file ..\CMSIS\GD\GD32F4xx\Source\ARM\startup_gd32f450.s

DMA1_Channel4_IRQHandler 00000012

Symbol: DMA1_Channel4_IRQHandler
   Definitions
      At line 381 in file ..\CMSIS\GD\GD32F4xx\Source\ARM\startup_gd32f450.s
   Uses
      At line 121 in file ..\CMSIS\GD\GD32F4xx\Source\ARM\startup_gd32f450.s
      At line 290 in file ..\CMSIS\GD\GD32F4xx\Source\ARM\startup_gd32f450.s

DMA1_Channel5_IRQHandler 00000012

Symbol: DMA1_Channel5_IRQHandler
   Definitions
      At line 389 in file ..\CMSIS\GD\GD32F4xx\Source\ARM\startup_gd32f450.s
   Uses
      At line 129 in file ..\CMSIS\GD\GD32F4xx\Source\ARM\startup_gd32f450.s
      At line 298 in file ..\CMSIS\GD\GD32F4xx\Source\ARM\startup_gd32f450.s

DMA1_Channel6_IRQHandler 00000012

Symbol: DMA1_Channel6_IRQHandler



ARM Macro Assembler    Page 5 Alphabetic symbol ordering
Relocatable symbols

   Definitions
      At line 390 in file ..\CMSIS\GD\GD32F4xx\Source\ARM\startup_gd32f450.s
   Uses
      At line 130 in file ..\CMSIS\GD\GD32F4xx\Source\ARM\startup_gd32f450.s
      At line 299 in file ..\CMSIS\GD\GD32F4xx\Source\ARM\startup_gd32f450.s

DMA1_Channel7_IRQHandler 00000012

Symbol: DMA1_Channel7_IRQHandler
   Definitions
      At line 391 in file ..\CMSIS\GD\GD32F4xx\Source\ARM\startup_gd32f450.s
   Uses
      At line 131 in file ..\CMSIS\GD\GD32F4xx\Source\ARM\startup_gd32f450.s
      At line 300 in file ..\CMSIS\GD\GD32F4xx\Source\ARM\startup_gd32f450.s

DebugMon_Handler 0000000C

Symbol: DebugMon_Handler
   Definitions
      At line 213 in file ..\CMSIS\GD\GD32F4xx\Source\ARM\startup_gd32f450.s
   Uses
      At line 55 in file ..\CMSIS\GD\GD32F4xx\Source\ARM\startup_gd32f450.s
      At line 214 in file ..\CMSIS\GD\GD32F4xx\Source\ARM\startup_gd32f450.s

Default_Handler 00000012

Symbol: Default_Handler
   Definitions
      At line 228 in file ..\CMSIS\GD\GD32F4xx\Source\ARM\startup_gd32f450.s
   Uses
      None
Comment: Default_Handler unused
ENET_IRQHandler 00000012

Symbol: ENET_IRQHandler
   Definitions
      At line 382 in file ..\CMSIS\GD\GD32F4xx\Source\ARM\startup_gd32f450.s
   Uses
      At line 122 in file ..\CMSIS\GD\GD32F4xx\Source\ARM\startup_gd32f450.s
      At line 291 in file ..\CMSIS\GD\GD32F4xx\Source\ARM\startup_gd32f450.s

ENET_WKUP_IRQHandler 00000012

Symbol: ENET_WKUP_IRQHandler
   Definitions
      At line 383 in file ..\CMSIS\GD\GD32F4xx\Source\ARM\startup_gd32f450.s
   Uses
      At line 123 in file ..\CMSIS\GD\GD32F4xx\Source\ARM\startup_gd32f450.s
      At line 292 in file ..\CMSIS\GD\GD32F4xx\Source\ARM\startup_gd32f450.s

EXMC_IRQHandler 00000012

Symbol: EXMC_IRQHandler
   Definitions
      At line 369 in file ..\CMSIS\GD\GD32F4xx\Source\ARM\startup_gd32f450.s
   Uses
      At line 109 in file ..\CMSIS\GD\GD32F4xx\Source\ARM\startup_gd32f450.s
      At line 278 in file ..\CMSIS\GD\GD32F4xx\Source\ARM\startup_gd32f450.s




ARM Macro Assembler    Page 6 Alphabetic symbol ordering
Relocatable symbols

EXTI0_IRQHandler 00000012

Symbol: EXTI0_IRQHandler
   Definitions
      At line 327 in file ..\CMSIS\GD\GD32F4xx\Source\ARM\startup_gd32f450.s
   Uses
      At line 67 in file ..\CMSIS\GD\GD32F4xx\Source\ARM\startup_gd32f450.s
      At line 236 in file ..\CMSIS\GD\GD32F4xx\Source\ARM\startup_gd32f450.s

EXTI10_15_IRQHandler 00000012

Symbol: EXTI10_15_IRQHandler
   Definitions
      At line 361 in file ..\CMSIS\GD\GD32F4xx\Source\ARM\startup_gd32f450.s
   Uses
      At line 101 in file ..\CMSIS\GD\GD32F4xx\Source\ARM\startup_gd32f450.s
      At line 270 in file ..\CMSIS\GD\GD32F4xx\Source\ARM\startup_gd32f450.s

EXTI1_IRQHandler 00000012

Symbol: EXTI1_IRQHandler
   Definitions
      At line 328 in file ..\CMSIS\GD\GD32F4xx\Source\ARM\startup_gd32f450.s
   Uses
      At line 68 in file ..\CMSIS\GD\GD32F4xx\Source\ARM\startup_gd32f450.s
      At line 237 in file ..\CMSIS\GD\GD32F4xx\Source\ARM\startup_gd32f450.s

EXTI2_IRQHandler 00000012

Symbol: EXTI2_IRQHandler
   Definitions
      At line 329 in file ..\CMSIS\GD\GD32F4xx\Source\ARM\startup_gd32f450.s
   Uses
      At line 69 in file ..\CMSIS\GD\GD32F4xx\Source\ARM\startup_gd32f450.s
      At line 238 in file ..\CMSIS\GD\GD32F4xx\Source\ARM\startup_gd32f450.s

EXTI3_IRQHandler 00000012

Symbol: EXTI3_IRQHandler
   Definitions
      At line 330 in file ..\CMSIS\GD\GD32F4xx\Source\ARM\startup_gd32f450.s
   Uses
      At line 70 in file ..\CMSIS\GD\GD32F4xx\Source\ARM\startup_gd32f450.s
      At line 239 in file ..\CMSIS\GD\GD32F4xx\Source\ARM\startup_gd32f450.s

EXTI4_IRQHandler 00000012

Symbol: EXTI4_IRQHandler
   Definitions
      At line 331 in file ..\CMSIS\GD\GD32F4xx\Source\ARM\startup_gd32f450.s
   Uses
      At line 71 in file ..\CMSIS\GD\GD32F4xx\Source\ARM\startup_gd32f450.s
      At line 240 in file ..\CMSIS\GD\GD32F4xx\Source\ARM\startup_gd32f450.s

EXTI5_9_IRQHandler 00000012

Symbol: EXTI5_9_IRQHandler
   Definitions
      At line 344 in file ..\CMSIS\GD\GD32F4xx\Source\ARM\startup_gd32f450.s



ARM Macro Assembler    Page 7 Alphabetic symbol ordering
Relocatable symbols

   Uses
      At line 84 in file ..\CMSIS\GD\GD32F4xx\Source\ARM\startup_gd32f450.s
      At line 253 in file ..\CMSIS\GD\GD32F4xx\Source\ARM\startup_gd32f450.s

FMC_IRQHandler 00000012

Symbol: FMC_IRQHandler
   Definitions
      At line 325 in file ..\CMSIS\GD\GD32F4xx\Source\ARM\startup_gd32f450.s
   Uses
      At line 65 in file ..\CMSIS\GD\GD32F4xx\Source\ARM\startup_gd32f450.s
      At line 234 in file ..\CMSIS\GD\GD32F4xx\Source\ARM\startup_gd32f450.s

FPU_IRQHandler 00000012

Symbol: FPU_IRQHandler
   Definitions
      At line 401 in file ..\CMSIS\GD\GD32F4xx\Source\ARM\startup_gd32f450.s
   Uses
      At line 142 in file ..\CMSIS\GD\GD32F4xx\Source\ARM\startup_gd32f450.s
      At line 310 in file ..\CMSIS\GD\GD32F4xx\Source\ARM\startup_gd32f450.s

HardFault_Handler 00000002

Symbol: HardFault_Handler
   Definitions
      At line 189 in file ..\CMSIS\GD\GD32F4xx\Source\ARM\startup_gd32f450.s
   Uses
      At line 46 in file ..\CMSIS\GD\GD32F4xx\Source\ARM\startup_gd32f450.s
      At line 190 in file ..\CMSIS\GD\GD32F4xx\Source\ARM\startup_gd32f450.s

I2C0_ER_IRQHandler 00000012

Symbol: I2C0_ER_IRQHandler
   Definitions
      At line 353 in file ..\CMSIS\GD\GD32F4xx\Source\ARM\startup_gd32f450.s
   Uses
      At line 93 in file ..\CMSIS\GD\GD32F4xx\Source\ARM\startup_gd32f450.s
      At line 262 in file ..\CMSIS\GD\GD32F4xx\Source\ARM\startup_gd32f450.s

I2C0_EV_IRQHandler 00000012

Symbol: I2C0_EV_IRQHandler
   Definitions
      At line 352 in file ..\CMSIS\GD\GD32F4xx\Source\ARM\startup_gd32f450.s
   Uses
      At line 92 in file ..\CMSIS\GD\GD32F4xx\Source\ARM\startup_gd32f450.s
      At line 261 in file ..\CMSIS\GD\GD32F4xx\Source\ARM\startup_gd32f450.s

I2C1_ER_IRQHandler 00000012

Symbol: I2C1_ER_IRQHandler
   Definitions
      At line 355 in file ..\CMSIS\GD\GD32F4xx\Source\ARM\startup_gd32f450.s
   Uses
      At line 95 in file ..\CMSIS\GD\GD32F4xx\Source\ARM\startup_gd32f450.s
      At line 264 in file ..\CMSIS\GD\GD32F4xx\Source\ARM\startup_gd32f450.s

I2C1_EV_IRQHandler 00000012



ARM Macro Assembler    Page 8 Alphabetic symbol ordering
Relocatable symbols


Symbol: I2C1_EV_IRQHandler
   Definitions
      At line 354 in file ..\CMSIS\GD\GD32F4xx\Source\ARM\startup_gd32f450.s
   Uses
      At line 94 in file ..\CMSIS\GD\GD32F4xx\Source\ARM\startup_gd32f450.s
      At line 263 in file ..\CMSIS\GD\GD32F4xx\Source\ARM\startup_gd32f450.s

I2C2_ER_IRQHandler 00000012

Symbol: I2C2_ER_IRQHandler
   Definitions
      At line 394 in file ..\CMSIS\GD\GD32F4xx\Source\ARM\startup_gd32f450.s
   Uses
      At line 134 in file ..\CMSIS\GD\GD32F4xx\Source\ARM\startup_gd32f450.s
      At line 303 in file ..\CMSIS\GD\GD32F4xx\Source\ARM\startup_gd32f450.s

I2C2_EV_IRQHandler 00000012

Symbol: I2C2_EV_IRQHandler
   Definitions
      At line 393 in file ..\CMSIS\GD\GD32F4xx\Source\ARM\startup_gd32f450.s
   Uses
      At line 133 in file ..\CMSIS\GD\GD32F4xx\Source\ARM\startup_gd32f450.s
      At line 302 in file ..\CMSIS\GD\GD32F4xx\Source\ARM\startup_gd32f450.s

IPA_IRQHandler 00000012

Symbol: IPA_IRQHandler
   Definitions
      At line 409 in file ..\CMSIS\GD\GD32F4xx\Source\ARM\startup_gd32f450.s
   Uses
      At line 151 in file ..\CMSIS\GD\GD32F4xx\Source\ARM\startup_gd32f450.s
      At line 318 in file ..\CMSIS\GD\GD32F4xx\Source\ARM\startup_gd32f450.s

LVD_IRQHandler 00000012

Symbol: LVD_IRQHandler
   Definitions
      At line 322 in file ..\CMSIS\GD\GD32F4xx\Source\ARM\startup_gd32f450.s
   Uses
      At line 62 in file ..\CMSIS\GD\GD32F4xx\Source\ARM\startup_gd32f450.s
      At line 231 in file ..\CMSIS\GD\GD32F4xx\Source\ARM\startup_gd32f450.s

MemManage_Handler 00000004

Symbol: MemManage_Handler
   Definitions
      At line 194 in file ..\CMSIS\GD\GD32F4xx\Source\ARM\startup_gd32f450.s
   Uses
      At line 47 in file ..\CMSIS\GD\GD32F4xx\Source\ARM\startup_gd32f450.s
      At line 195 in file ..\CMSIS\GD\GD32F4xx\Source\ARM\startup_gd32f450.s

NMI_Handler 00000000

Symbol: NMI_Handler
   Definitions
      At line 184 in file ..\CMSIS\GD\GD32F4xx\Source\ARM\startup_gd32f450.s
   Uses



ARM Macro Assembler    Page 9 Alphabetic symbol ordering
Relocatable symbols

      At line 45 in file ..\CMSIS\GD\GD32F4xx\Source\ARM\startup_gd32f450.s
      At line 185 in file ..\CMSIS\GD\GD32F4xx\Source\ARM\startup_gd32f450.s

PendSV_Handler 0000000E

Symbol: PendSV_Handler
   Definitions
      At line 218 in file ..\CMSIS\GD\GD32F4xx\Source\ARM\startup_gd32f450.s
   Uses
      At line 57 in file ..\CMSIS\GD\GD32F4xx\Source\ARM\startup_gd32f450.s
      At line 219 in file ..\CMSIS\GD\GD32F4xx\Source\ARM\startup_gd32f450.s

RCU_CTC_IRQHandler 00000012

Symbol: RCU_CTC_IRQHandler
   Definitions
      At line 326 in file ..\CMSIS\GD\GD32F4xx\Source\ARM\startup_gd32f450.s
   Uses
      At line 66 in file ..\CMSIS\GD\GD32F4xx\Source\ARM\startup_gd32f450.s
      At line 235 in file ..\CMSIS\GD\GD32F4xx\Source\ARM\startup_gd32f450.s

RTC_Alarm_IRQHandler 00000012

Symbol: RTC_Alarm_IRQHandler
   Definitions
      At line 362 in file ..\CMSIS\GD\GD32F4xx\Source\ARM\startup_gd32f450.s
   Uses
      At line 102 in file ..\CMSIS\GD\GD32F4xx\Source\ARM\startup_gd32f450.s
      At line 271 in file ..\CMSIS\GD\GD32F4xx\Source\ARM\startup_gd32f450.s

RTC_WKUP_IRQHandler 00000012

Symbol: RTC_WKUP_IRQHandler
   Definitions
      At line 324 in file ..\CMSIS\GD\GD32F4xx\Source\ARM\startup_gd32f450.s
   Uses
      At line 64 in file ..\CMSIS\GD\GD32F4xx\Source\ARM\startup_gd32f450.s
      At line 233 in file ..\CMSIS\GD\GD32F4xx\Source\ARM\startup_gd32f450.s

SDIO_IRQHandler 00000012

Symbol: SDIO_IRQHandler
   Definitions
      At line 370 in file ..\CMSIS\GD\GD32F4xx\Source\ARM\startup_gd32f450.s
   Uses
      At line 110 in file ..\CMSIS\GD\GD32F4xx\Source\ARM\startup_gd32f450.s
      At line 279 in file ..\CMSIS\GD\GD32F4xx\Source\ARM\startup_gd32f450.s

SPI0_IRQHandler 00000012

Symbol: SPI0_IRQHandler
   Definitions
      At line 356 in file ..\CMSIS\GD\GD32F4xx\Source\ARM\startup_gd32f450.s
   Uses
      At line 96 in file ..\CMSIS\GD\GD32F4xx\Source\ARM\startup_gd32f450.s
      At line 265 in file ..\CMSIS\GD\GD32F4xx\Source\ARM\startup_gd32f450.s

SPI1_IRQHandler 00000012




ARM Macro Assembler    Page 10 Alphabetic symbol ordering
Relocatable symbols

Symbol: SPI1_IRQHandler
   Definitions
      At line 357 in file ..\CMSIS\GD\GD32F4xx\Source\ARM\startup_gd32f450.s
   Uses
      At line 97 in file ..\CMSIS\GD\GD32F4xx\Source\ARM\startup_gd32f450.s
      At line 266 in file ..\CMSIS\GD\GD32F4xx\Source\ARM\startup_gd32f450.s

SPI2_IRQHandler 00000012

Symbol: SPI2_IRQHandler
   Definitions
      At line 372 in file ..\CMSIS\GD\GD32F4xx\Source\ARM\startup_gd32f450.s
   Uses
      At line 112 in file ..\CMSIS\GD\GD32F4xx\Source\ARM\startup_gd32f450.s
      At line 281 in file ..\CMSIS\GD\GD32F4xx\Source\ARM\startup_gd32f450.s

SPI3_IRQHandler 00000012

Symbol: SPI3_IRQHandler
   Definitions
      At line 404 in file ..\CMSIS\GD\GD32F4xx\Source\ARM\startup_gd32f450.s
   Uses
      At line 145 in file ..\CMSIS\GD\GD32F4xx\Source\ARM\startup_gd32f450.s
      At line 313 in file ..\CMSIS\GD\GD32F4xx\Source\ARM\startup_gd32f450.s

SPI4_IRQHandler 00000012

Symbol: SPI4_IRQHandler
   Definitions
      At line 405 in file ..\CMSIS\GD\GD32F4xx\Source\ARM\startup_gd32f450.s
   Uses
      At line 146 in file ..\CMSIS\GD\GD32F4xx\Source\ARM\startup_gd32f450.s
      At line 314 in file ..\CMSIS\GD\GD32F4xx\Source\ARM\startup_gd32f450.s

SPI5_IRQHandler 00000012

Symbol: SPI5_IRQHandler
   Definitions
      At line 406 in file ..\CMSIS\GD\GD32F4xx\Source\ARM\startup_gd32f450.s
   Uses
      At line 147 in file ..\CMSIS\GD\GD32F4xx\Source\ARM\startup_gd32f450.s
      At line 315 in file ..\CMSIS\GD\GD32F4xx\Source\ARM\startup_gd32f450.s

SVC_Handler 0000000A

Symbol: SVC_Handler
   Definitions
      At line 208 in file ..\CMSIS\GD\GD32F4xx\Source\ARM\startup_gd32f450.s
   Uses
      At line 54 in file ..\CMSIS\GD\GD32F4xx\Source\ARM\startup_gd32f450.s
      At line 209 in file ..\CMSIS\GD\GD32F4xx\Source\ARM\startup_gd32f450.s

SysTick_Handler 00000010

Symbol: SysTick_Handler
   Definitions
      At line 223 in file ..\CMSIS\GD\GD32F4xx\Source\ARM\startup_gd32f450.s
   Uses
      At line 58 in file ..\CMSIS\GD\GD32F4xx\Source\ARM\startup_gd32f450.s



ARM Macro Assembler    Page 11 Alphabetic symbol ordering
Relocatable symbols

      At line 224 in file ..\CMSIS\GD\GD32F4xx\Source\ARM\startup_gd32f450.s

TAMPER_STAMP_IRQHandler 00000012

Symbol: TAMPER_STAMP_IRQHandler
   Definitions
      At line 323 in file ..\CMSIS\GD\GD32F4xx\Source\ARM\startup_gd32f450.s
   Uses
      At line 63 in file ..\CMSIS\GD\GD32F4xx\Source\ARM\startup_gd32f450.s
      At line 232 in file ..\CMSIS\GD\GD32F4xx\Source\ARM\startup_gd32f450.s

TIMER0_BRK_TIMER8_IRQHandler 00000012

Symbol: TIMER0_BRK_TIMER8_IRQHandler
   Definitions
      At line 345 in file ..\CMSIS\GD\GD32F4xx\Source\ARM\startup_gd32f450.s
   Uses
      At line 85 in file ..\CMSIS\GD\GD32F4xx\Source\ARM\startup_gd32f450.s
      At line 254 in file ..\CMSIS\GD\GD32F4xx\Source\ARM\startup_gd32f450.s

TIMER0_CC_IRQHandler 00000012

Symbol: TIMER0_CC_IRQHandler
   Definitions
      At line 348 in file ..\CMSIS\GD\GD32F4xx\Source\ARM\startup_gd32f450.s
   Uses
      At line 88 in file ..\CMSIS\GD\GD32F4xx\Source\ARM\startup_gd32f450.s
      At line 257 in file ..\CMSIS\GD\GD32F4xx\Source\ARM\startup_gd32f450.s

TIMER0_TRG_CMT_TIMER10_IRQHandler 00000012

Symbol: TIMER0_TRG_CMT_TIMER10_IRQHandler
   Definitions
      At line 347 in file ..\CMSIS\GD\GD32F4xx\Source\ARM\startup_gd32f450.s
   Uses
      At line 87 in file ..\CMSIS\GD\GD32F4xx\Source\ARM\startup_gd32f450.s
      At line 256 in file ..\CMSIS\GD\GD32F4xx\Source\ARM\startup_gd32f450.s

TIMER0_UP_TIMER9_IRQHandler 00000012

Symbol: TIMER0_UP_TIMER9_IRQHandler
   Definitions
      At line 346 in file ..\CMSIS\GD\GD32F4xx\Source\ARM\startup_gd32f450.s
   Uses
      At line 86 in file ..\CMSIS\GD\GD32F4xx\Source\ARM\startup_gd32f450.s
      At line 255 in file ..\CMSIS\GD\GD32F4xx\Source\ARM\startup_gd32f450.s

TIMER1_IRQHandler 00000012

Symbol: TIMER1_IRQHandler
   Definitions
      At line 349 in file ..\CMSIS\GD\GD32F4xx\Source\ARM\startup_gd32f450.s
   Uses
      At line 89 in file ..\CMSIS\GD\GD32F4xx\Source\ARM\startup_gd32f450.s
      At line 258 in file ..\CMSIS\GD\GD32F4xx\Source\ARM\startup_gd32f450.s

TIMER2_IRQHandler 00000012

Symbol: TIMER2_IRQHandler



ARM Macro Assembler    Page 12 Alphabetic symbol ordering
Relocatable symbols

   Definitions
      At line 350 in file ..\CMSIS\GD\GD32F4xx\Source\ARM\startup_gd32f450.s
   Uses
      At line 90 in file ..\CMSIS\GD\GD32F4xx\Source\ARM\startup_gd32f450.s
      At line 259 in file ..\CMSIS\GD\GD32F4xx\Source\ARM\startup_gd32f450.s

TIMER3_IRQHandler 00000012

Symbol: TIMER3_IRQHandler
   Definitions
      At line 351 in file ..\CMSIS\GD\GD32F4xx\Source\ARM\startup_gd32f450.s
   Uses
      At line 91 in file ..\CMSIS\GD\GD32F4xx\Source\ARM\startup_gd32f450.s
      At line 260 in file ..\CMSIS\GD\GD32F4xx\Source\ARM\startup_gd32f450.s

TIMER4_IRQHandler 00000012

Symbol: TIMER4_IRQHandler
   Definitions
      At line 371 in file ..\CMSIS\GD\GD32F4xx\Source\ARM\startup_gd32f450.s
   Uses
      At line 111 in file ..\CMSIS\GD\GD32F4xx\Source\ARM\startup_gd32f450.s
      At line 280 in file ..\CMSIS\GD\GD32F4xx\Source\ARM\startup_gd32f450.s

TIMER5_DAC_IRQHandler 00000012

Symbol: TIMER5_DAC_IRQHandler
   Definitions
      At line 375 in file ..\CMSIS\GD\GD32F4xx\Source\ARM\startup_gd32f450.s
   Uses
      At line 115 in file ..\CMSIS\GD\GD32F4xx\Source\ARM\startup_gd32f450.s
      At line 284 in file ..\CMSIS\GD\GD32F4xx\Source\ARM\startup_gd32f450.s

TIMER6_IRQHandler 00000012

Symbol: TIMER6_IRQHandler
   Definitions
      At line 376 in file ..\CMSIS\GD\GD32F4xx\Source\ARM\startup_gd32f450.s
   Uses
      At line 116 in file ..\CMSIS\GD\GD32F4xx\Source\ARM\startup_gd32f450.s
      At line 285 in file ..\CMSIS\GD\GD32F4xx\Source\ARM\startup_gd32f450.s

TIMER7_BRK_TIMER11_IRQHandler 00000012

Symbol: TIMER7_BRK_TIMER11_IRQHandler
   Definitions
      At line 364 in file ..\CMSIS\GD\GD32F4xx\Source\ARM\startup_gd32f450.s
   Uses
      At line 104 in file ..\CMSIS\GD\GD32F4xx\Source\ARM\startup_gd32f450.s
      At line 273 in file ..\CMSIS\GD\GD32F4xx\Source\ARM\startup_gd32f450.s

TIMER7_CC_IRQHandler 00000012

Symbol: TIMER7_CC_IRQHandler
   Definitions
      At line 367 in file ..\CMSIS\GD\GD32F4xx\Source\ARM\startup_gd32f450.s
   Uses
      At line 107 in file ..\CMSIS\GD\GD32F4xx\Source\ARM\startup_gd32f450.s
      At line 276 in file ..\CMSIS\GD\GD32F4xx\Source\ARM\startup_gd32f450.s



ARM Macro Assembler    Page 13 Alphabetic symbol ordering
Relocatable symbols


TIMER7_TRG_CMT_TIMER13_IRQHandler 00000012

Symbol: TIMER7_TRG_CMT_TIMER13_IRQHandler
   Definitions
      At line 366 in file ..\CMSIS\GD\GD32F4xx\Source\ARM\startup_gd32f450.s
   Uses
      At line 106 in file ..\CMSIS\GD\GD32F4xx\Source\ARM\startup_gd32f450.s
      At line 275 in file ..\CMSIS\GD\GD32F4xx\Source\ARM\startup_gd32f450.s

TIMER7_UP_TIMER12_IRQHandler 00000012

Symbol: TIMER7_UP_TIMER12_IRQHandler
   Definitions
      At line 365 in file ..\CMSIS\GD\GD32F4xx\Source\ARM\startup_gd32f450.s
   Uses
      At line 105 in file ..\CMSIS\GD\GD32F4xx\Source\ARM\startup_gd32f450.s
      At line 274 in file ..\CMSIS\GD\GD32F4xx\Source\ARM\startup_gd32f450.s

TLI_ER_IRQHandler 00000012

Symbol: TLI_ER_IRQHandler
   Definitions
      At line 408 in file ..\CMSIS\GD\GD32F4xx\Source\ARM\startup_gd32f450.s
   Uses
      At line 150 in file ..\CMSIS\GD\GD32F4xx\Source\ARM\startup_gd32f450.s
      At line 317 in file ..\CMSIS\GD\GD32F4xx\Source\ARM\startup_gd32f450.s

TLI_IRQHandler 00000012

Symbol: TLI_IRQHandler
   Definitions
      At line 407 in file ..\CMSIS\GD\GD32F4xx\Source\ARM\startup_gd32f450.s
   Uses
      At line 149 in file ..\CMSIS\GD\GD32F4xx\Source\ARM\startup_gd32f450.s
      At line 316 in file ..\CMSIS\GD\GD32F4xx\Source\ARM\startup_gd32f450.s

TRNG_IRQHandler 00000012

Symbol: TRNG_IRQHandler
   Definitions
      At line 400 in file ..\CMSIS\GD\GD32F4xx\Source\ARM\startup_gd32f450.s
   Uses
      At line 141 in file ..\CMSIS\GD\GD32F4xx\Source\ARM\startup_gd32f450.s
      At line 309 in file ..\CMSIS\GD\GD32F4xx\Source\ARM\startup_gd32f450.s

UART3_IRQHandler 00000012

Symbol: UART3_IRQHandler
   Definitions
      At line 373 in file ..\CMSIS\GD\GD32F4xx\Source\ARM\startup_gd32f450.s
   Uses
      At line 113 in file ..\CMSIS\GD\GD32F4xx\Source\ARM\startup_gd32f450.s
      At line 282 in file ..\CMSIS\GD\GD32F4xx\Source\ARM\startup_gd32f450.s

UART4_IRQHandler 00000012

Symbol: UART4_IRQHandler
   Definitions



ARM Macro Assembler    Page 14 Alphabetic symbol ordering
Relocatable symbols

      At line 374 in file ..\CMSIS\GD\GD32F4xx\Source\ARM\startup_gd32f450.s
   Uses
      At line 114 in file ..\CMSIS\GD\GD32F4xx\Source\ARM\startup_gd32f450.s
      At line 283 in file ..\CMSIS\GD\GD32F4xx\Source\ARM\startup_gd32f450.s

UART6_IRQHandler 00000012

Symbol: UART6_IRQHandler
   Definitions
      At line 402 in file ..\CMSIS\GD\GD32F4xx\Source\ARM\startup_gd32f450.s
   Uses
      At line 143 in file ..\CMSIS\GD\GD32F4xx\Source\ARM\startup_gd32f450.s
      At line 311 in file ..\CMSIS\GD\GD32F4xx\Source\ARM\startup_gd32f450.s

UART7_IRQHandler 00000012

Symbol: UART7_IRQHandler
   Definitions
      At line 403 in file ..\CMSIS\GD\GD32F4xx\Source\ARM\startup_gd32f450.s
   Uses
      At line 144 in file ..\CMSIS\GD\GD32F4xx\Source\ARM\startup_gd32f450.s
      At line 312 in file ..\CMSIS\GD\GD32F4xx\Source\ARM\startup_gd32f450.s

USART0_IRQHandler 00000012

Symbol: USART0_IRQHandler
   Definitions
      At line 358 in file ..\CMSIS\GD\GD32F4xx\Source\ARM\startup_gd32f450.s
   Uses
      At line 98 in file ..\CMSIS\GD\GD32F4xx\Source\ARM\startup_gd32f450.s
      At line 267 in file ..\CMSIS\GD\GD32F4xx\Source\ARM\startup_gd32f450.s

USART1_IRQHandler 00000012

Symbol: USART1_IRQHandler
   Definitions
      At line 359 in file ..\CMSIS\GD\GD32F4xx\Source\ARM\startup_gd32f450.s
   Uses
      At line 99 in file ..\CMSIS\GD\GD32F4xx\Source\ARM\startup_gd32f450.s
      At line 268 in file ..\CMSIS\GD\GD32F4xx\Source\ARM\startup_gd32f450.s

USART2_IRQHandler 00000012

Symbol: USART2_IRQHandler
   Definitions
      At line 360 in file ..\CMSIS\GD\GD32F4xx\Source\ARM\startup_gd32f450.s
   Uses
      At line 100 in file ..\CMSIS\GD\GD32F4xx\Source\ARM\startup_gd32f450.s
      At line 269 in file ..\CMSIS\GD\GD32F4xx\Source\ARM\startup_gd32f450.s

USART5_IRQHandler 00000012

Symbol: USART5_IRQHandler
   Definitions
      At line 392 in file ..\CMSIS\GD\GD32F4xx\Source\ARM\startup_gd32f450.s
   Uses
      At line 132 in file ..\CMSIS\GD\GD32F4xx\Source\ARM\startup_gd32f450.s
      At line 301 in file ..\CMSIS\GD\GD32F4xx\Source\ARM\startup_gd32f450.s




ARM Macro Assembler    Page 15 Alphabetic symbol ordering
Relocatable symbols

USBFS_IRQHandler 00000012

Symbol: USBFS_IRQHandler
   Definitions
      At line 388 in file ..\CMSIS\GD\GD32F4xx\Source\ARM\startup_gd32f450.s
   Uses
      At line 128 in file ..\CMSIS\GD\GD32F4xx\Source\ARM\startup_gd32f450.s
      At line 297 in file ..\CMSIS\GD\GD32F4xx\Source\ARM\startup_gd32f450.s

USBFS_WKUP_IRQHandler 00000012

Symbol: USBFS_WKUP_IRQHandler
   Definitions
      At line 363 in file ..\CMSIS\GD\GD32F4xx\Source\ARM\startup_gd32f450.s
   Uses
      At line 103 in file ..\CMSIS\GD\GD32F4xx\Source\ARM\startup_gd32f450.s
      At line 272 in file ..\CMSIS\GD\GD32F4xx\Source\ARM\startup_gd32f450.s

USBHS_EP1_In_IRQHandler 00000012

Symbol: USBHS_EP1_In_IRQHandler
   Definitions
      At line 396 in file ..\CMSIS\GD\GD32F4xx\Source\ARM\startup_gd32f450.s
   Uses
      At line 136 in file ..\CMSIS\GD\GD32F4xx\Source\ARM\startup_gd32f450.s
      At line 305 in file ..\CMSIS\GD\GD32F4xx\Source\ARM\startup_gd32f450.s

USBHS_EP1_Out_IRQHandler 00000012

Symbol: USBHS_EP1_Out_IRQHandler
   Definitions
      At line 395 in file ..\CMSIS\GD\GD32F4xx\Source\ARM\startup_gd32f450.s
   Uses
      At line 135 in file ..\CMSIS\GD\GD32F4xx\Source\ARM\startup_gd32f450.s
      At line 304 in file ..\CMSIS\GD\GD32F4xx\Source\ARM\startup_gd32f450.s

USBHS_IRQHandler 00000012

Symbol: USBHS_IRQHandler
   Definitions
      At line 398 in file ..\CMSIS\GD\GD32F4xx\Source\ARM\startup_gd32f450.s
   Uses
      At line 138 in file ..\CMSIS\GD\GD32F4xx\Source\ARM\startup_gd32f450.s
      At line 307 in file ..\CMSIS\GD\GD32F4xx\Source\ARM\startup_gd32f450.s

USBHS_WKUP_IRQHandler 00000012

Symbol: USBHS_WKUP_IRQHandler
   Definitions
      At line 397 in file ..\CMSIS\GD\GD32F4xx\Source\ARM\startup_gd32f450.s
   Uses
      At line 137 in file ..\CMSIS\GD\GD32F4xx\Source\ARM\startup_gd32f450.s
      At line 306 in file ..\CMSIS\GD\GD32F4xx\Source\ARM\startup_gd32f450.s

UsageFault_Handler 00000008

Symbol: UsageFault_Handler
   Definitions
      At line 204 in file ..\CMSIS\GD\GD32F4xx\Source\ARM\startup_gd32f450.s



ARM Macro Assembler    Page 16 Alphabetic symbol ordering
Relocatable symbols

   Uses
      At line 49 in file ..\CMSIS\GD\GD32F4xx\Source\ARM\startup_gd32f450.s
      At line 205 in file ..\CMSIS\GD\GD32F4xx\Source\ARM\startup_gd32f450.s

WWDGT_IRQHandler 00000012

Symbol: WWDGT_IRQHandler
   Definitions
      At line 321 in file ..\CMSIS\GD\GD32F4xx\Source\ARM\startup_gd32f450.s
   Uses
      At line 61 in file ..\CMSIS\GD\GD32F4xx\Source\ARM\startup_gd32f450.s
      At line 230 in file ..\CMSIS\GD\GD32F4xx\Source\ARM\startup_gd32f450.s

100 symbols



ARM Macro Assembler    Page 1 Alphabetic symbol ordering
Absolute symbols

Heap_Size 00000400

Symbol: Heap_Size
   Definitions
      At line 27 in file ..\CMSIS\GD\GD32F4xx\Source\ARM\startup_gd32f450.s
   Uses
      At line 31 in file ..\CMSIS\GD\GD32F4xx\Source\ARM\startup_gd32f450.s
Comment: Heap_Size used once
Stack_Size 00000400

Symbol: Stack_Size
   Definitions
      At line 16 in file ..\CMSIS\GD\GD32F4xx\Source\ARM\startup_gd32f450.s
   Uses
      At line 19 in file ..\CMSIS\GD\GD32F4xx\Source\ARM\startup_gd32f450.s
Comment: Stack_Size used once
__Vectors_Size 000001AC

Symbol: __Vectors_Size
   Definitions
      At line 155 in file ..\CMSIS\GD\GD32F4xx\Source\ARM\startup_gd32f450.s
   Uses
      At line 41 in file ..\CMSIS\GD\GD32F4xx\Source\ARM\startup_gd32f450.s
Comment: __Vectors_Size used once
3 symbols



ARM Macro Assembler    Page 1 Alphabetic symbol ordering
External symbols

SystemInit 00000000

Symbol: SystemInit
   Definitions
      At line 161 in file ..\CMSIS\GD\GD32F4xx\Source\ARM\startup_gd32f450.s
   Uses
      At line 163 in file ..\CMSIS\GD\GD32F4xx\Source\ARM\startup_gd32f450.s
Comment: SystemInit used once
__main 00000000

Symbol: __main
   Definitions
      At line 162 in file ..\CMSIS\GD\GD32F4xx\Source\ARM\startup_gd32f450.s
   Uses
      At line 165 in file ..\CMSIS\GD\GD32F4xx\Source\ARM\startup_gd32f450.s
Comment: __main used once
2 symbols
453 symbols in table
